[Sun, 16 Nov 14 08:40:28 +0100][INFO] SELECT IF(COUNT(*)>0, 1 , 0) FROM `INFORMATION_SCHEMA`.`TABLES` WHERE `TABLE_NAME`='t_robots'
[Sun, 16 Nov 14 08:40:28 +0100][INFO] DESCRIBE `t_robots`
[Sun, 16 Nov 14 08:40:28 +0100][INFO] SELECT `t_robots`.`id`, `t_robots`.`name`, `t_robots`.`type`, `t_robots`.`year` FROM `t_robots`
[Sun, 16 Nov 14 08:44:23 +0100][INFO] SELECT IF(COUNT(*)>0, 1 , 0) FROM `INFORMATION_SCHEMA`.`TABLES` WHERE `TABLE_NAME`='t_robots'
[Sun, 16 Nov 14 08:44:23 +0100][INFO] DESCRIBE `t_robots`
[Sun, 16 Nov 14 08:44:23 +0100][INFO] SELECT `t_robots`.`id`, `t_robots`.`name`, `t_robots`.`type`, `t_robots`.`year` FROM `t_robots`
[Sun, 16 Nov 14 08:45:06 +0100][INFO] SELECT IF(COUNT(*)>0, 1 , 0) FROM `INFORMATION_SCHEMA`.`TABLES` WHERE `TABLE_NAME`='t_robots'
[Sun, 16 Nov 14 08:45:06 +0100][INFO] DESCRIBE `t_robots`
[Sun, 16 Nov 14 08:45:06 +0100][INFO] SELECT `t_robots`.`id`, `t_robots`.`name`, `t_robots`.`type`, `t_robots`.`year` FROM `t_robots`
[Sun, 16 Nov 14 09:13:11 +0100][INFO] SELECT IF(COUNT(*)>0, 1 , 0) FROM `INFORMATION_SCHEMA`.`TABLES` WHERE `TABLE_NAME`='t_robots'
[Sun, 16 Nov 14 09:13:11 +0100][INFO] DESCRIBE `t_robots`
[Sun, 16 Nov 14 09:13:11 +0100][INFO] SELECT `t_robots`.`id`, `t_robots`.`name`, `t_robots`.`type`, `t_robots`.`year` FROM `t_robots`
[Sun, 16 Nov 14 09:13:25 +0100][INFO] SELECT IF(COUNT(*)>0, 1 , 0) FROM `INFORMATION_SCHEMA`.`TABLES` WHERE `TABLE_NAME`='t_robots'
[Sun, 16 Nov 14 09:13:25 +0100][INFO] DESCRIBE `t_robots`
[Sun, 16 Nov 14 09:13:25 +0100][INFO] SELECT `t_robots`.`id`, `t_robots`.`name`, `t_robots`.`type`, `t_robots`.`year` FROM `t_robots`
[Sun, 16 Nov 14 09:13:29 +0100][INFO] SELECT IF(COUNT(*)>0, 1 , 0) FROM `INFORMATION_SCHEMA`.`TABLES` WHERE `TABLE_NAME`='t_robots'
[Sun, 16 Nov 14 09:13:29 +0100][INFO] DESCRIBE `t_robots`
[Sun, 16 Nov 14 09:13:29 +0100][INFO] SELECT `t_robots`.`id`, `t_robots`.`name`, `t_robots`.`type`, `t_robots`.`year` FROM `t_robots`
[Sun, 16 Nov 14 11:01:52 +0100][INFO] SELECT IF(COUNT(*)>0, 1 , 0) FROM `INFORMATION_SCHEMA`.`TABLES` WHERE `TABLE_NAME`='t_robots'
[Sun, 16 Nov 14 11:01:52 +0100][INFO] DESCRIBE `t_robots`
[Sun, 16 Nov 14 11:01:52 +0100][INFO] SELECT `t_robots`.`id`, `t_robots`.`name`, `t_robots`.`type`, `t_robots`.`year` FROM `t_robots`
[Sun, 16 Nov 14 15:56:44 +0100][INFO] SELECT IF(COUNT(*)>0, 1 , 0) FROM `INFORMATION_SCHEMA`.`TABLES` WHERE `TABLE_NAME`='t_robots'
[Sun, 16 Nov 14 15:56:44 +0100][INFO] DESCRIBE `t_robots`
[Sun, 16 Nov 14 15:56:44 +0100][INFO] SELECT `t_robots`.`id`, `t_robots`.`name`, `t_robots`.`type`, `t_robots`.`year` FROM `t_robots`
[Sun, 16 Nov 14 15:56:46 +0100][INFO] SELECT IF(COUNT(*)>0, 1 , 0) FROM `INFORMATION_SCHEMA`.`TABLES` WHERE `TABLE_NAME`='t_robots'
[Sun, 16 Nov 14 15:56:46 +0100][INFO] DESCRIBE `t_robots`
[Sun, 16 Nov 14 15:57:50 +0100][INFO] SELECT IF(COUNT(*)>0, 1 , 0) FROM `INFORMATION_SCHEMA`.`TABLES` WHERE `TABLE_NAME`='t_robots'
[Sun, 16 Nov 14 15:57:50 +0100][INFO] DESCRIBE `t_robots`
[Sun, 16 Nov 14 15:57:50 +0100][INFO] SELECT `t_robots`.`id`, `t_robots`.`name`, `t_robots`.`type`, `t_robots`.`year` FROM `t_robots`
[Sun, 16 Nov 14 15:59:00 +0100][INFO] SELECT IF(COUNT(*)>0, 1 , 0) FROM `INFORMATION_SCHEMA`.`TABLES` WHERE `TABLE_NAME`='t_robots'
[Sun, 16 Nov 14 15:59:00 +0100][INFO] DESCRIBE `t_robots`
[Sun, 16 Nov 14 15:59:00 +0100][INFO] SELECT `t_robots`.`id`, `t_robots`.`name`, `t_robots`.`type`, `t_robots`.`year` FROM `t_robots`
[Sun, 16 Nov 14 15:59:00 +0100][INFO] SELECT `t_robots`.`id`, `t_robots`.`name`, `t_robots`.`type`, `t_robots`.`year` FROM `t_robots` LIMIT 1
[Sun, 16 Nov 14 15:59:10 +0100][INFO] SELECT IF(COUNT(*)>0, 1 , 0) FROM `INFORMATION_SCHEMA`.`TABLES` WHERE `TABLE_NAME`='t_robots'
[Sun, 16 Nov 14 15:59:10 +0100][INFO] DESCRIBE `t_robots`
[Sun, 16 Nov 14 15:59:10 +0100][INFO] SELECT `t_robots`.`id`, `t_robots`.`name`, `t_robots`.`type`, `t_robots`.`year` FROM `t_robots`
[Sun, 16 Nov 14 15:59:10 +0100][INFO] SELECT `t_robots`.`id`, `t_robots`.`name`, `t_robots`.`type`, `t_robots`.`year` FROM `t_robots` LIMIT 1
[Sun, 16 Nov 14 15:59:24 +0100][INFO] SELECT IF(COUNT(*)>0, 1 , 0) FROM `INFORMATION_SCHEMA`.`TABLES` WHERE `TABLE_NAME`='t_robots'
[Sun, 16 Nov 14 15:59:24 +0100][INFO] DESCRIBE `t_robots`
[Sun, 16 Nov 14 15:59:24 +0100][INFO] SELECT `t_robots`.`id`, `t_robots`.`name`, `t_robots`.`type`, `t_robots`.`year` FROM `t_robots` LIMIT 1
[Sun, 16 Nov 14 16:00:04 +0100][INFO] SELECT IF(COUNT(*)>0, 1 , 0) FROM `INFORMATION_SCHEMA`.`TABLES` WHERE `TABLE_NAME`='t_robots'
[Sun, 16 Nov 14 16:00:04 +0100][INFO] DESCRIBE `t_robots`
[Sun, 16 Nov 14 16:00:04 +0100][INFO] SELECT `t_robots`.`id`, `t_robots`.`name`, `t_robots`.`type`, `t_robots`.`year` FROM `t_robots` LIMIT 1
[Sun, 16 Nov 14 16:00:20 +0100][INFO] SELECT IF(COUNT(*)>0, 1 , 0) FROM `INFORMATION_SCHEMA`.`TABLES` WHERE `TABLE_NAME`='t_robots'
[Sun, 16 Nov 14 16:00:20 +0100][INFO] DESCRIBE `t_robots`
[Sun, 16 Nov 14 16:00:20 +0100][INFO] SELECT `t_robots`.`id`, `t_robots`.`name`, `t_robots`.`type`, `t_robots`.`year` FROM `t_robots` LIMIT 1
[Sun, 16 Nov 14 16:00:20 +0100][INFO] SELECT IF(COUNT(*)>0, 1 , 0) FROM `INFORMATION_SCHEMA`.`TABLES` WHERE `TABLE_NAME`= 't_robots_parts' AND `TABLE_SCHEMA`='vp_basic'
[Sun, 16 Nov 14 16:00:34 +0100][INFO] SELECT IF(COUNT(*)>0, 1 , 0) FROM `INFORMATION_SCHEMA`.`TABLES` WHERE `TABLE_NAME`='t_robots'
[Sun, 16 Nov 14 16:00:34 +0100][INFO] DESCRIBE `t_robots`
[Sun, 16 Nov 14 16:00:34 +0100][INFO] SELECT `t_robots`.`id`, `t_robots`.`name`, `t_robots`.`type`, `t_robots`.`year` FROM `t_robots` LIMIT 1
[Sun, 16 Nov 14 16:03:31 +0100][INFO] SELECT IF(COUNT(*)>0, 1 , 0) FROM `INFORMATION_SCHEMA`.`TABLES` WHERE `TABLE_NAME`='t_robots'
[Sun, 16 Nov 14 16:03:31 +0100][INFO] DESCRIBE `t_robots`
[Sun, 16 Nov 14 16:03:31 +0100][INFO] SELECT `t_robots`.`id`, `t_robots`.`name`, `t_robots`.`type`, `t_robots`.`year` FROM `t_robots` LIMIT 1
[Sun, 16 Nov 14 16:03:51 +0100][INFO] SELECT IF(COUNT(*)>0, 1 , 0) FROM `INFORMATION_SCHEMA`.`TABLES` WHERE `TABLE_NAME`='t_robots'
[Sun, 16 Nov 14 16:03:51 +0100][INFO] DESCRIBE `t_robots`
[Sun, 16 Nov 14 16:03:51 +0100][INFO] SELECT `t_robots`.`id`, `t_robots`.`name`, `t_robots`.`type`, `t_robots`.`year` FROM `t_robots` LIMIT 1
[Sun, 16 Nov 14 16:05:13 +0100][INFO] SELECT IF(COUNT(*)>0, 1 , 0) FROM `INFORMATION_SCHEMA`.`TABLES` WHERE `TABLE_NAME`='t_robots'
[Sun, 16 Nov 14 16:05:13 +0100][INFO] DESCRIBE `t_robots`
[Sun, 16 Nov 14 16:05:13 +0100][INFO] SELECT `t_robots`.`id`, `t_robots`.`name`, `t_robots`.`type`, `t_robots`.`year` FROM `t_robots` LIMIT 1
[Sun, 16 Nov 14 16:05:13 +0100][INFO] SELECT IF(COUNT(*)>0, 1 , 0) FROM `INFORMATION_SCHEMA`.`TABLES` WHERE `TABLE_NAME`='t_robots_parts'
[Sun, 16 Nov 14 16:05:13 +0100][INFO] DESCRIBE `t_robots_parts`
[Sun, 16 Nov 14 16:05:13 +0100][INFO] SELECT `t_robots_parts`.`id`, `t_robots_parts`.`robots_id`, `t_robots_parts`.`parts_id`, `t_robots_parts`.`created_at` FROM `t_robots_parts` WHERE `t_robots_parts`.`robots_id` = :0 [1]
[Sun, 16 Nov 14 16:05:19 +0100][INFO] SELECT IF(COUNT(*)>0, 1 , 0) FROM `INFORMATION_SCHEMA`.`TABLES` WHERE `TABLE_NAME`='t_robots'
[Sun, 16 Nov 14 16:05:19 +0100][INFO] DESCRIBE `t_robots`
[Sun, 16 Nov 14 16:05:19 +0100][INFO] SELECT `t_robots`.`id`, `t_robots`.`name`, `t_robots`.`type`, `t_robots`.`year` FROM `t_robots` LIMIT 1
[Sun, 16 Nov 14 16:05:19 +0100][INFO] SELECT IF(COUNT(*)>0, 1 , 0) FROM `INFORMATION_SCHEMA`.`TABLES` WHERE `TABLE_NAME`='t_robots_parts'
[Sun, 16 Nov 14 16:05:19 +0100][INFO] DESCRIBE `t_robots_parts`
[Sun, 16 Nov 14 16:05:19 +0100][INFO] SELECT `t_robots_parts`.`id`, `t_robots_parts`.`robots_id`, `t_robots_parts`.`parts_id`, `t_robots_parts`.`created_at` FROM `t_robots_parts` WHERE `t_robots_parts`.`robots_id` = :0 [1]
[Sun, 16 Nov 14 16:05:32 +0100][INFO] SELECT IF(COUNT(*)>0, 1 , 0) FROM `INFORMATION_SCHEMA`.`TABLES` WHERE `TABLE_NAME`='t_robots'
[Sun, 16 Nov 14 16:05:32 +0100][INFO] DESCRIBE `t_robots`
[Sun, 16 Nov 14 16:05:32 +0100][INFO] SELECT `t_robots`.`id`, `t_robots`.`name`, `t_robots`.`type`, `t_robots`.`year` FROM `t_robots` LIMIT 1
[Sun, 16 Nov 14 16:05:32 +0100][INFO] SELECT IF(COUNT(*)>0, 1 , 0) FROM `INFORMATION_SCHEMA`.`TABLES` WHERE `TABLE_NAME`='t_robots_parts'
[Sun, 16 Nov 14 16:05:32 +0100][INFO] DESCRIBE `t_robots_parts`
[Sun, 16 Nov 14 16:05:32 +0100][INFO] SELECT `t_robots_parts`.`id`, `t_robots_parts`.`robots_id`, `t_robots_parts`.`parts_id`, `t_robots_parts`.`created_at` FROM `t_robots_parts` WHERE `t_robots_parts`.`robots_id` = :0 [1]
[Sun, 16 Nov 14 16:06:26 +0100][INFO] SELECT IF(COUNT(*)>0, 1 , 0) FROM `INFORMATION_SCHEMA`.`TABLES` WHERE `TABLE_NAME`='t_robots'
[Sun, 16 Nov 14 16:06:26 +0100][INFO] DESCRIBE `t_robots`
[Sun, 16 Nov 14 16:06:26 +0100][INFO] SELECT `t_robots`.`id`, `t_robots`.`name`, `t_robots`.`type`, `t_robots`.`year` FROM `t_robots` LIMIT 1
[Sun, 16 Nov 14 16:06:26 +0100][INFO] SELECT IF(COUNT(*)>0, 1 , 0) FROM `INFORMATION_SCHEMA`.`TABLES` WHERE `TABLE_NAME`='t_robots_parts'
[Sun, 16 Nov 14 16:06:26 +0100][INFO] DESCRIBE `t_robots_parts`
[Sun, 16 Nov 14 16:06:26 +0100][INFO] SELECT `t_robots_parts`.`id`, `t_robots_parts`.`robots_id`, `t_robots_parts`.`parts_id`, `t_robots_parts`.`created_at` FROM `t_robots_parts` WHERE `t_robots_parts`.`robots_id` = :0 [1]
[Sun, 16 Nov 14 16:06:26 +0100][INFO] SELECT IF(COUNT(*)>0, 1 , 0) FROM `INFORMATION_SCHEMA`.`TABLES` WHERE `TABLE_NAME`='t_parts'
[Sun, 16 Nov 14 16:06:26 +0100][INFO] DESCRIBE `t_parts`
[Sun, 16 Nov 14 16:06:26 +0100][INFO] SELECT `t_parts`.`id`, `t_parts`.`name` FROM `t_parts` WHERE `t_parts`.`id` = :0 LIMIT 1 [2]
[Sun, 16 Nov 14 16:07:10 +0100][INFO] SELECT IF(COUNT(*)>0, 1 , 0) FROM `INFORMATION_SCHEMA`.`TABLES` WHERE `TABLE_NAME`='t_robots'
[Sun, 16 Nov 14 16:07:10 +0100][INFO] DESCRIBE `t_robots`
[Sun, 16 Nov 14 16:07:10 +0100][INFO] SELECT `t_robots`.`id`, `t_robots`.`name`, `t_robots`.`type`, `t_robots`.`year` FROM `t_robots` LIMIT 1
[Sun, 16 Nov 14 16:07:10 +0100][INFO] SELECT IF(COUNT(*)>0, 1 , 0) FROM `INFORMATION_SCHEMA`.`TABLES` WHERE `TABLE_NAME`='t_robots_parts'
[Sun, 16 Nov 14 16:07:10 +0100][INFO] DESCRIBE `t_robots_parts`
[Sun, 16 Nov 14 16:07:10 +0100][INFO] SELECT `t_robots_parts`.`id`, `t_robots_parts`.`robots_id`, `t_robots_parts`.`parts_id`, `t_robots_parts`.`created_at` FROM `t_robots_parts` WHERE `t_robots_parts`.`robots_id` = :0 [1]
[Sun, 16 Nov 14 16:07:10 +0100][INFO] SELECT IF(COUNT(*)>0, 1 , 0) FROM `INFORMATION_SCHEMA`.`TABLES` WHERE `TABLE_NAME`='t_parts'
[Sun, 16 Nov 14 16:07:10 +0100][INFO] DESCRIBE `t_parts`
[Sun, 16 Nov 14 16:07:10 +0100][INFO] SELECT `t_parts`.`id`, `t_parts`.`name` FROM `t_parts` WHERE `t_parts`.`id` = :0 LIMIT 1 [2]
[Sun, 16 Nov 14 16:07:10 +0100][INFO] SELECT `t_robots_parts`.`id`, `t_robots_parts`.`robots_id`, `t_robots_parts`.`parts_id`, `t_robots_parts`.`created_at` FROM `t_robots_parts` WHERE `t_robots_parts`.`robots_id` = :0 [1]
[Sun, 16 Nov 14 16:07:50 +0100][INFO] SELECT IF(COUNT(*)>0, 1 , 0) FROM `INFORMATION_SCHEMA`.`TABLES` WHERE `TABLE_NAME`='t_robots'
[Sun, 16 Nov 14 16:07:50 +0100][INFO] DESCRIBE `t_robots`
[Sun, 16 Nov 14 16:07:50 +0100][INFO] SELECT `t_robots`.`id`, `t_robots`.`name`, `t_robots`.`type`, `t_robots`.`year` FROM `t_robots` LIMIT 1
[Sun, 16 Nov 14 16:07:50 +0100][INFO] SELECT IF(COUNT(*)>0, 1 , 0) FROM `INFORMATION_SCHEMA`.`TABLES` WHERE `TABLE_NAME`='t_robots_parts'
[Sun, 16 Nov 14 16:07:50 +0100][INFO] DESCRIBE `t_robots_parts`
[Sun, 16 Nov 14 16:07:50 +0100][INFO] SELECT `t_robots_parts`.`id`, `t_robots_parts`.`robots_id`, `t_robots_parts`.`parts_id`, `t_robots_parts`.`created_at` FROM `t_robots_parts` WHERE `t_robots_parts`.`robots_id` = :0 [1]
[Sun, 16 Nov 14 16:07:50 +0100][INFO] SELECT IF(COUNT(*)>0, 1 , 0) FROM `INFORMATION_SCHEMA`.`TABLES` WHERE `TABLE_NAME`='t_parts'
[Sun, 16 Nov 14 16:07:50 +0100][INFO] DESCRIBE `t_parts`
[Sun, 16 Nov 14 16:07:50 +0100][INFO] SELECT `t_parts`.`id`, `t_parts`.`name` FROM `t_parts` WHERE `t_parts`.`id` = :0 LIMIT 1 [2]
[Sun, 16 Nov 14 16:07:50 +0100][INFO] SELECT `t_robots_parts`.`id`, `t_robots_parts`.`robots_id`, `t_robots_parts`.`parts_id`, `t_robots_parts`.`created_at` FROM `t_robots_parts` WHERE `t_robots_parts`.`robots_id` = :0 [1]
[Sun, 16 Nov 14 16:07:51 +0100][INFO] SELECT IF(COUNT(*)>0, 1 , 0) FROM `INFORMATION_SCHEMA`.`TABLES` WHERE `TABLE_NAME`='t_robots'
[Sun, 16 Nov 14 16:07:51 +0100][INFO] DESCRIBE `t_robots`
[Sun, 16 Nov 14 16:07:51 +0100][INFO] SELECT `t_robots`.`id`, `t_robots`.`name`, `t_robots`.`type`, `t_robots`.`year` FROM `t_robots` LIMIT 1
[Sun, 16 Nov 14 16:07:51 +0100][INFO] SELECT IF(COUNT(*)>0, 1 , 0) FROM `INFORMATION_SCHEMA`.`TABLES` WHERE `TABLE_NAME`='t_robots_parts'
[Sun, 16 Nov 14 16:07:51 +0100][INFO] DESCRIBE `t_robots_parts`
[Sun, 16 Nov 14 16:07:51 +0100][INFO] SELECT `t_robots_parts`.`id`, `t_robots_parts`.`robots_id`, `t_robots_parts`.`parts_id`, `t_robots_parts`.`created_at` FROM `t_robots_parts` WHERE `t_robots_parts`.`robots_id` = :0 [1]
[Sun, 16 Nov 14 16:07:51 +0100][INFO] SELECT IF(COUNT(*)>0, 1 , 0) FROM `INFORMATION_SCHEMA`.`TABLES` WHERE `TABLE_NAME`='t_parts'
[Sun, 16 Nov 14 16:07:51 +0100][INFO] DESCRIBE `t_parts`
[Sun, 16 Nov 14 16:07:51 +0100][INFO] SELECT `t_parts`.`id`, `t_parts`.`name` FROM `t_parts` WHERE `t_parts`.`id` = :0 LIMIT 1 [2]
[Sun, 16 Nov 14 16:07:51 +0100][INFO] SELECT `t_robots_parts`.`id`, `t_robots_parts`.`robots_id`, `t_robots_parts`.`parts_id`, `t_robots_parts`.`created_at` FROM `t_robots_parts` WHERE `t_robots_parts`.`robots_id` = :0 [1]
[Sun, 16 Nov 14 16:15:49 +0100][INFO] SELECT IF(COUNT(*)>0, 1 , 0) FROM `INFORMATION_SCHEMA`.`TABLES` WHERE `TABLE_NAME`='t_robots'
[Sun, 16 Nov 14 16:15:49 +0100][INFO] DESCRIBE `t_robots`
[Sun, 16 Nov 14 16:15:50 +0100][INFO] SELECT `t_robots`.`id`, `t_robots`.`name`, `t_robots`.`type`, `t_robots`.`year` FROM `t_robots` LIMIT 1
[Sun, 16 Nov 14 16:15:50 +0100][INFO] SELECT IF(COUNT(*)>0, 1 , 0) FROM `INFORMATION_SCHEMA`.`TABLES` WHERE `TABLE_NAME`='t_robots_parts'
[Sun, 16 Nov 14 16:15:50 +0100][INFO] DESCRIBE `t_robots_parts`
[Sun, 16 Nov 14 16:15:50 +0100][INFO] SELECT `t_robots_parts`.`id`, `t_robots_parts`.`robots_id`, `t_robots_parts`.`parts_id`, `t_robots_parts`.`created_at` FROM `t_robots_parts` WHERE `t_robots_parts`.`robots_id` = :0 [1]
[Sun, 16 Nov 14 16:15:50 +0100][INFO] SELECT IF(COUNT(*)>0, 1 , 0) FROM `INFORMATION_SCHEMA`.`TABLES` WHERE `TABLE_NAME`='t_parts'
[Sun, 16 Nov 14 16:15:50 +0100][INFO] DESCRIBE `t_parts`
[Sun, 16 Nov 14 16:15:50 +0100][INFO] SELECT `t_parts`.`id`, `t_parts`.`name` FROM `t_parts` WHERE `t_parts`.`id` = :0 LIMIT 1 [2]
[Sun, 16 Nov 14 16:15:50 +0100][INFO] SELECT `t_robots_parts`.`id`, `t_robots_parts`.`robots_id`, `t_robots_parts`.`parts_id`, `t_robots_parts`.`created_at` FROM `t_robots_parts` WHERE `t_robots_parts`.`robots_id` = :0 [1]
[Sun, 16 Nov 14 16:26:40 +0100][INFO] SELECT IF(COUNT(*)>0, 1 , 0) FROM `INFORMATION_SCHEMA`.`TABLES` WHERE `TABLE_NAME`='t_robots'
[Sun, 16 Nov 14 16:26:40 +0100][INFO] DESCRIBE `t_robots`
[Sun, 16 Nov 14 16:26:40 +0100][INFO] SELECT `t_robots`.`id`, `t_robots`.`name`, `t_robots`.`type`, `t_robots`.`year` FROM `t_robots` LIMIT 1
[Sun, 16 Nov 14 16:27:11 +0100][INFO] SELECT IF(COUNT(*)>0, 1 , 0) FROM `INFORMATION_SCHEMA`.`TABLES` WHERE `TABLE_NAME`='t_robots'
[Sun, 16 Nov 14 16:27:11 +0100][INFO] DESCRIBE `t_robots`
[Sun, 16 Nov 14 16:27:11 +0100][INFO] SELECT `t_robots`.`id`, `t_robots`.`name`, `t_robots`.`type`, `t_robots`.`year` FROM `t_robots` LIMIT 1
[Sun, 16 Nov 14 16:33:49 +0100][INFO] SELECT IF(COUNT(*)>0, 1 , 0) FROM `INFORMATION_SCHEMA`.`TABLES` WHERE `TABLE_NAME`='t_robots'
[Sun, 16 Nov 14 16:33:49 +0100][INFO] DESCRIBE `t_robots`
[Sun, 16 Nov 14 16:33:49 +0100][INFO] SELECT `t_robots`.`id`, `t_robots`.`name`, `t_robots`.`type`, `t_robots`.`year` FROM `t_robots` LIMIT 1
[Sun, 16 Nov 14 16:34:10 +0100][INFO] SELECT IF(COUNT(*)>0, 1 , 0) FROM `INFORMATION_SCHEMA`.`TABLES` WHERE `TABLE_NAME`='t_robots'
[Sun, 16 Nov 14 16:34:10 +0100][INFO] DESCRIBE `t_robots`
[Sun, 16 Nov 14 16:34:10 +0100][INFO] SELECT `t_robots`.`id`, `t_robots`.`name`, `t_robots`.`type`, `t_robots`.`year` FROM `t_robots` LIMIT 1
[Sun, 16 Nov 14 16:34:12 +0100][INFO] SELECT IF(COUNT(*)>0, 1 , 0) FROM `INFORMATION_SCHEMA`.`TABLES` WHERE `TABLE_NAME`='t_robots'
[Sun, 16 Nov 14 16:34:12 +0100][INFO] DESCRIBE `t_robots`
[Sun, 16 Nov 14 16:34:12 +0100][INFO] SELECT `t_robots`.`id`, `t_robots`.`name`, `t_robots`.`type`, `t_robots`.`year` FROM `t_robots` LIMIT 1
[Sun, 16 Nov 14 16:34:12 +0100][INFO] SELECT IF(COUNT(*)>0, 1 , 0) FROM `INFORMATION_SCHEMA`.`TABLES` WHERE `TABLE_NAME`='t_robots'
[Sun, 16 Nov 14 16:34:12 +0100][INFO] DESCRIBE `t_robots`
[Sun, 16 Nov 14 16:34:12 +0100][INFO] SELECT `t_robots`.`id`, `t_robots`.`name`, `t_robots`.`type`, `t_robots`.`year` FROM `t_robots` LIMIT 1
[Sun, 16 Nov 14 16:34:21 +0100][INFO] SELECT IF(COUNT(*)>0, 1 , 0) FROM `INFORMATION_SCHEMA`.`TABLES` WHERE `TABLE_NAME`='t_robots'
[Sun, 16 Nov 14 16:34:21 +0100][INFO] DESCRIBE `t_robots`
[Sun, 16 Nov 14 16:34:21 +0100][INFO] SELECT `t_robots`.`id`, `t_robots`.`name`, `t_robots`.`type`, `t_robots`.`year` FROM `t_robots` LIMIT 1
[Sun, 16 Nov 14 16:34:46 +0100][INFO] SELECT IF(COUNT(*)>0, 1 , 0) FROM `INFORMATION_SCHEMA`.`TABLES` WHERE `TABLE_NAME`='t_robots'
[Sun, 16 Nov 14 16:34:46 +0100][INFO] DESCRIBE `t_robots`
[Sun, 16 Nov 14 16:34:46 +0100][INFO] SELECT `t_robots`.`id`, `t_robots`.`name`, `t_robots`.`type`, `t_robots`.`year` FROM `t_robots` LIMIT 1
[Sun, 16 Nov 14 16:36:07 +0100][INFO] SELECT IF(COUNT(*)>0, 1 , 0) FROM `INFORMATION_SCHEMA`.`TABLES` WHERE `TABLE_NAME`='t_robots'
[Sun, 16 Nov 14 16:36:07 +0100][INFO] DESCRIBE `t_robots`
[Sun, 16 Nov 14 16:36:07 +0100][INFO] SELECT `t_robots`.`id`, `t_robots`.`name`, `t_robots`.`type`, `t_robots`.`year` FROM `t_robots` LIMIT 1
[Sun, 16 Nov 14 16:36:28 +0100][INFO] SELECT IF(COUNT(*)>0, 1 , 0) FROM `INFORMATION_SCHEMA`.`TABLES` WHERE `TABLE_NAME`='t_robots'
[Sun, 16 Nov 14 16:36:28 +0100][INFO] DESCRIBE `t_robots`
[Sun, 16 Nov 14 16:36:28 +0100][INFO] SELECT `t_robots`.`id`, `t_robots`.`name`, `t_robots`.`type`, `t_robots`.`year` FROM `t_robots` LIMIT 1
[Sun, 16 Nov 14 16:36:35 +0100][INFO] SELECT IF(COUNT(*)>0, 1 , 0) FROM `INFORMATION_SCHEMA`.`TABLES` WHERE `TABLE_NAME`='t_robots'
[Sun, 16 Nov 14 16:36:35 +0100][INFO] DESCRIBE `t_robots`
[Sun, 16 Nov 14 16:36:35 +0100][INFO] SELECT `t_robots`.`id`, `t_robots`.`name`, `t_robots`.`type`, `t_robots`.`year` FROM `t_robots` LIMIT 1
[Sun, 16 Nov 14 16:45:20 +0100][INFO] SELECT IF(COUNT(*)>0, 1 , 0) FROM `INFORMATION_SCHEMA`.`TABLES` WHERE `TABLE_NAME`='t_robots'
[Sun, 16 Nov 14 16:45:20 +0100][INFO] DESCRIBE `t_robots`
[Sun, 16 Nov 14 16:45:20 +0100][INFO] SELECT `t_robots`.`id`, `t_robots`.`name`, `t_robots`.`type`, `t_robots`.`year` FROM `t_robots` LIMIT 1
[Sun, 16 Nov 14 16:45:52 +0100][INFO] SELECT IF(COUNT(*)>0, 1 , 0) FROM `INFORMATION_SCHEMA`.`TABLES` WHERE `TABLE_NAME`='t_robots'
[Sun, 16 Nov 14 16:45:52 +0100][INFO] DESCRIBE `t_robots`
[Sun, 16 Nov 14 16:45:52 +0100][INFO] SELECT `t_robots`.`id`, `t_robots`.`name`, `t_robots`.`type`, `t_robots`.`year` FROM `t_robots` LIMIT 1
[Sun, 16 Nov 14 16:45:52 +0100][INFO] SELECT IF(COUNT(*)>0, 1 , 0) FROM `INFORMATION_SCHEMA`.`TABLES` WHERE `TABLE_NAME`='t_parts'
[Sun, 16 Nov 14 16:45:52 +0100][INFO] DESCRIBE `t_parts`
[Sun, 16 Nov 14 16:45:52 +0100][INFO] SELECT `t_parts`.`id`, `t_parts`.`name` FROM `t_parts` INNER JOIN `t_robots_parts` ON `t_robots_parts`.`parts_id` = `t_parts`.`id`  WHERE `t_robots_parts`.`robots_id` = :0 [1]
[Sun, 16 Nov 14 16:46:04 +0100][INFO] SELECT IF(COUNT(*)>0, 1 , 0) FROM `INFORMATION_SCHEMA`.`TABLES` WHERE `TABLE_NAME`='t_robots'
[Sun, 16 Nov 14 16:46:04 +0100][INFO] DESCRIBE `t_robots`
[Sun, 16 Nov 14 16:46:04 +0100][INFO] SELECT `t_robots`.`id`, `t_robots`.`name`, `t_robots`.`type`, `t_robots`.`year` FROM `t_robots` LIMIT 1
[Sun, 16 Nov 14 16:46:04 +0100][INFO] SELECT IF(COUNT(*)>0, 1 , 0) FROM `INFORMATION_SCHEMA`.`TABLES` WHERE `TABLE_NAME`='t_parts'
[Sun, 16 Nov 14 16:46:04 +0100][INFO] DESCRIBE `t_parts`
[Sun, 16 Nov 14 16:46:04 +0100][INFO] SELECT `t_parts`.`id`, `t_parts`.`name` FROM `t_parts` INNER JOIN `t_robots_parts` ON `t_robots_parts`.`parts_id` = `t_parts`.`id`  WHERE `t_robots_parts`.`robots_id` = :0 [1]
[Sun, 16 Nov 14 16:46:16 +0100][INFO] SELECT IF(COUNT(*)>0, 1 , 0) FROM `INFORMATION_SCHEMA`.`TABLES` WHERE `TABLE_NAME`='t_robots'
[Sun, 16 Nov 14 16:46:16 +0100][INFO] DESCRIBE `t_robots`
[Sun, 16 Nov 14 16:46:16 +0100][INFO] SELECT `t_robots`.`id`, `t_robots`.`name`, `t_robots`.`type`, `t_robots`.`year` FROM `t_robots` LIMIT 1
[Sun, 16 Nov 14 16:46:16 +0100][INFO] SELECT IF(COUNT(*)>0, 1 , 0) FROM `INFORMATION_SCHEMA`.`TABLES` WHERE `TABLE_NAME`='t_parts'
[Sun, 16 Nov 14 16:46:16 +0100][INFO] DESCRIBE `t_parts`
[Sun, 16 Nov 14 16:46:16 +0100][INFO] SELECT `t_parts`.`id`, `t_parts`.`name` FROM `t_parts` INNER JOIN `t_robots_parts` ON `t_robots_parts`.`parts_id` = `t_parts`.`id`  WHERE `t_robots_parts`.`robots_id` = :0 [1]
[Sun, 16 Nov 14 16:46:25 +0100][INFO] SELECT IF(COUNT(*)>0, 1 , 0) FROM `INFORMATION_SCHEMA`.`TABLES` WHERE `TABLE_NAME`='t_robots'
[Sun, 16 Nov 14 16:46:25 +0100][INFO] DESCRIBE `t_robots`
[Sun, 16 Nov 14 16:46:25 +0100][INFO] SELECT `t_robots`.`id`, `t_robots`.`name`, `t_robots`.`type`, `t_robots`.`year` FROM `t_robots` LIMIT 1
[Sun, 16 Nov 14 16:46:25 +0100][INFO] SELECT IF(COUNT(*)>0, 1 , 0) FROM `INFORMATION_SCHEMA`.`TABLES` WHERE `TABLE_NAME`='t_parts'
[Sun, 16 Nov 14 16:46:25 +0100][INFO] DESCRIBE `t_parts`
[Sun, 16 Nov 14 16:46:25 +0100][INFO] SELECT `t_parts`.`id`, `t_parts`.`name` FROM `t_parts` INNER JOIN `t_robots_parts` ON `t_robots_parts`.`parts_id` = `t_parts`.`id`  WHERE `t_robots_parts`.`robots_id` = :0 [1]
[Sun, 16 Nov 14 16:47:03 +0100][INFO] SELECT IF(COUNT(*)>0, 1 , 0) FROM `INFORMATION_SCHEMA`.`TABLES` WHERE `TABLE_NAME`='t_robots'
[Sun, 16 Nov 14 16:47:03 +0100][INFO] DESCRIBE `t_robots`
[Sun, 16 Nov 14 16:47:03 +0100][INFO] SELECT `t_robots`.`id`, `t_robots`.`name`, `t_robots`.`type`, `t_robots`.`year` FROM `t_robots` LIMIT 1
[Sun, 16 Nov 14 16:47:03 +0100][INFO] SELECT IF(COUNT(*)>0, 1 , 0) FROM `INFORMATION_SCHEMA`.`TABLES` WHERE `TABLE_NAME`='t_parts'
[Sun, 16 Nov 14 16:47:03 +0100][INFO] DESCRIBE `t_parts`
[Sun, 16 Nov 14 16:47:03 +0100][INFO] SELECT `t_parts`.`id`, `t_parts`.`name` FROM `t_parts` INNER JOIN `t_robots_parts` ON `t_robots_parts`.`parts_id` = `t_parts`.`id`  WHERE `t_robots_parts`.`robots_id` = :0 [1]
[Sun, 16 Nov 14 16:47:16 +0100][INFO] SELECT IF(COUNT(*)>0, 1 , 0) FROM `INFORMATION_SCHEMA`.`TABLES` WHERE `TABLE_NAME`='t_robots'
[Sun, 16 Nov 14 16:47:16 +0100][INFO] DESCRIBE `t_robots`
[Sun, 16 Nov 14 16:47:16 +0100][INFO] SELECT `t_robots`.`id`, `t_robots`.`name`, `t_robots`.`type`, `t_robots`.`year` FROM `t_robots` LIMIT 1
[Sun, 16 Nov 14 16:47:16 +0100][INFO] SELECT IF(COUNT(*)>0, 1 , 0) FROM `INFORMATION_SCHEMA`.`TABLES` WHERE `TABLE_NAME`='t_parts'
[Sun, 16 Nov 14 16:47:16 +0100][INFO] DESCRIBE `t_parts`
[Sun, 16 Nov 14 16:47:16 +0100][INFO] SELECT `t_parts`.`id`, `t_parts`.`name` FROM `t_parts` INNER JOIN `t_robots_parts` ON `t_robots_parts`.`parts_id` = `t_parts`.`id`  WHERE `t_robots_parts`.`robots_id` = :0 [1]
[Sun, 16 Nov 14 16:47:16 +0100][INFO] SELECT `t_parts`.`id`, `t_parts`.`name` FROM `t_parts` INNER JOIN `t_robots_parts` ON `t_robots_parts`.`parts_id` = `t_parts`.`id`  WHERE `t_robots_parts`.`robots_id` = :0 [1]
[Sun, 16 Nov 14 16:48:07 +0100][INFO] SELECT IF(COUNT(*)>0, 1 , 0) FROM `INFORMATION_SCHEMA`.`TABLES` WHERE `TABLE_NAME`='t_robots'
[Sun, 16 Nov 14 16:48:07 +0100][INFO] DESCRIBE `t_robots`
[Sun, 16 Nov 14 16:48:07 +0100][INFO] SELECT `t_robots`.`id`, `t_robots`.`name`, `t_robots`.`type`, `t_robots`.`year` FROM `t_robots` LIMIT 1
[Sun, 16 Nov 14 16:48:07 +0100][INFO] SELECT IF(COUNT(*)>0, 1 , 0) FROM `INFORMATION_SCHEMA`.`TABLES` WHERE `TABLE_NAME`='t_parts'
[Sun, 16 Nov 14 16:48:07 +0100][INFO] DESCRIBE `t_parts`
[Sun, 16 Nov 14 16:48:07 +0100][INFO] SELECT `t_parts`.`id`, `t_parts`.`name` FROM `t_parts` INNER JOIN `t_robots_parts` ON `t_robots_parts`.`parts_id` = `t_parts`.`id`  WHERE `t_robots_parts`.`robots_id` = :0 [1]
[Sun, 16 Nov 14 16:48:07 +0100][INFO] SELECT `t_parts`.`id`, `t_parts`.`name` FROM `t_parts` INNER JOIN `t_robots_parts` ON `t_robots_parts`.`parts_id` = `t_parts`.`id`  WHERE `t_robots_parts`.`robots_id` = :0 [1]
[Sun, 16 Nov 14 16:48:07 +0100][INFO] SELECT `t_parts`.`id`, `t_parts`.`name` FROM `t_parts` INNER JOIN `t_robots_parts` ON `t_robots_parts`.`parts_id` = `t_parts`.`id`  WHERE `t_robots_parts`.`robots_id` = :0 [1]
[Sun, 16 Nov 14 16:48:18 +0100][INFO] SELECT IF(COUNT(*)>0, 1 , 0) FROM `INFORMATION_SCHEMA`.`TABLES` WHERE `TABLE_NAME`='t_robots'
[Sun, 16 Nov 14 16:48:18 +0100][INFO] DESCRIBE `t_robots`
[Sun, 16 Nov 14 16:48:18 +0100][INFO] SELECT `t_robots`.`id`, `t_robots`.`name`, `t_robots`.`type`, `t_robots`.`year` FROM `t_robots` LIMIT 1
[Sun, 16 Nov 14 16:48:18 +0100][INFO] SELECT IF(COUNT(*)>0, 1 , 0) FROM `INFORMATION_SCHEMA`.`TABLES` WHERE `TABLE_NAME`='t_parts'
[Sun, 16 Nov 14 16:48:18 +0100][INFO] DESCRIBE `t_parts`
[Sun, 16 Nov 14 16:48:18 +0100][INFO] SELECT `t_parts`.`id`, `t_parts`.`name` FROM `t_parts` INNER JOIN `t_robots_parts` ON `t_robots_parts`.`parts_id` = `t_parts`.`id`  WHERE `t_robots_parts`.`robots_id` = :0 [1]
[Sun, 16 Nov 14 16:48:18 +0100][INFO] SELECT `t_parts`.`id`, `t_parts`.`name` FROM `t_parts` INNER JOIN `t_robots_parts` ON `t_robots_parts`.`parts_id` = `t_parts`.`id`  WHERE `t_robots_parts`.`robots_id` = :0 [1]
[Sun, 16 Nov 14 16:48:18 +0100][INFO] SELECT `t_parts`.`id`, `t_parts`.`name` FROM `t_parts` INNER JOIN `t_robots_parts` ON `t_robots_parts`.`parts_id` = `t_parts`.`id`  WHERE `t_robots_parts`.`robots_id` = :0 [1]
[Sun, 16 Nov 14 16:49:30 +0100][INFO] SELECT IF(COUNT(*)>0, 1 , 0) FROM `INFORMATION_SCHEMA`.`TABLES` WHERE `TABLE_NAME`='t_robots'
[Sun, 16 Nov 14 16:49:30 +0100][INFO] DESCRIBE `t_robots`
[Sun, 16 Nov 14 16:49:30 +0100][INFO] SELECT `t_robots`.`id`, `t_robots`.`name`, `t_robots`.`type`, `t_robots`.`year` FROM `t_robots` LIMIT 1
[Sun, 16 Nov 14 16:49:30 +0100][INFO] SELECT IF(COUNT(*)>0, 1 , 0) FROM `INFORMATION_SCHEMA`.`TABLES` WHERE `TABLE_NAME`='t_parts'
[Sun, 16 Nov 14 16:49:30 +0100][INFO] DESCRIBE `t_parts`
[Sun, 16 Nov 14 16:49:30 +0100][INFO] SELECT `t_parts`.`id`, `t_parts`.`name` FROM `t_parts` INNER JOIN `t_robots_parts` ON `t_robots_parts`.`parts_id` = `t_parts`.`id`  WHERE `t_robots_parts`.`robots_id` = :0 [1]
[Sun, 16 Nov 14 16:49:53 +0100][INFO] SELECT IF(COUNT(*)>0, 1 , 0) FROM `INFORMATION_SCHEMA`.`TABLES` WHERE `TABLE_NAME`='t_robots'
[Sun, 16 Nov 14 16:49:53 +0100][INFO] DESCRIBE `t_robots`
[Sun, 16 Nov 14 16:49:53 +0100][INFO] SELECT `t_robots`.`id`, `t_robots`.`name`, `t_robots`.`type`, `t_robots`.`year` FROM `t_robots` LIMIT 1
[Sun, 16 Nov 14 16:49:53 +0100][INFO] SELECT IF(COUNT(*)>0, 1 , 0) FROM `INFORMATION_SCHEMA`.`TABLES` WHERE `TABLE_NAME`='t_parts'
[Sun, 16 Nov 14 16:49:53 +0100][INFO] DESCRIBE `t_parts`
[Sun, 16 Nov 14 16:49:53 +0100][INFO] SELECT `t_parts`.`id`, `t_parts`.`name` FROM `t_parts` INNER JOIN `t_robots_parts` ON `t_robots_parts`.`parts_id` = `t_parts`.`id`  WHERE `t_robots_parts`.`robots_id` = :0 [1]
[Sun, 16 Nov 14 16:49:53 +0100][INFO] SELECT `t_parts`.`id`, `t_parts`.`name` FROM `t_parts` INNER JOIN `t_robots_parts` ON `t_robots_parts`.`parts_id` = `t_parts`.`id`  WHERE `t_robots_parts`.`robots_id` = :0 [1]
[Sun, 16 Nov 14 16:50:42 +0100][INFO] SELECT IF(COUNT(*)>0, 1 , 0) FROM `INFORMATION_SCHEMA`.`TABLES` WHERE `TABLE_NAME`='t_robots'
[Sun, 16 Nov 14 16:50:42 +0100][INFO] DESCRIBE `t_robots`
[Sun, 16 Nov 14 16:50:42 +0100][INFO] SELECT `t_robots`.`id`, `t_robots`.`name`, `t_robots`.`type`, `t_robots`.`year` FROM `t_robots` LIMIT 1
[Sun, 16 Nov 14 16:50:42 +0100][INFO] SELECT IF(COUNT(*)>0, 1 , 0) FROM `INFORMATION_SCHEMA`.`TABLES` WHERE `TABLE_NAME`='t_parts'
[Sun, 16 Nov 14 16:50:42 +0100][INFO] DESCRIBE `t_parts`
[Sun, 16 Nov 14 16:50:42 +0100][INFO] SELECT `t_parts`.`id`, `t_parts`.`name` FROM `t_parts` INNER JOIN `t_robots_parts` ON `t_robots_parts`.`parts_id` = `t_parts`.`id`  WHERE `t_robots_parts`.`robots_id` = :0 [1]
[Sun, 16 Nov 14 16:50:42 +0100][INFO] SELECT `t_parts`.`id`, `t_parts`.`name` FROM `t_parts` INNER JOIN `t_robots_parts` ON `t_robots_parts`.`parts_id` = `t_parts`.`id`  WHERE `t_robots_parts`.`robots_id` = :0 [1]
[Sun, 16 Nov 14 16:50:43 +0100][INFO] SELECT IF(COUNT(*)>0, 1 , 0) FROM `INFORMATION_SCHEMA`.`TABLES` WHERE `TABLE_NAME`='t_robots'
[Sun, 16 Nov 14 16:50:43 +0100][INFO] DESCRIBE `t_robots`
[Sun, 16 Nov 14 16:50:43 +0100][INFO] SELECT `t_robots`.`id`, `t_robots`.`name`, `t_robots`.`type`, `t_robots`.`year` FROM `t_robots` LIMIT 1
[Sun, 16 Nov 14 16:50:43 +0100][INFO] SELECT IF(COUNT(*)>0, 1 , 0) FROM `INFORMATION_SCHEMA`.`TABLES` WHERE `TABLE_NAME`='t_parts'
[Sun, 16 Nov 14 16:50:43 +0100][INFO] DESCRIBE `t_parts`
[Sun, 16 Nov 14 16:50:43 +0100][INFO] SELECT `t_parts`.`id`, `t_parts`.`name` FROM `t_parts` INNER JOIN `t_robots_parts` ON `t_robots_parts`.`parts_id` = `t_parts`.`id`  WHERE `t_robots_parts`.`robots_id` = :0 [1]
[Sun, 16 Nov 14 16:50:43 +0100][INFO] SELECT `t_parts`.`id`, `t_parts`.`name` FROM `t_parts` INNER JOIN `t_robots_parts` ON `t_robots_parts`.`parts_id` = `t_parts`.`id`  WHERE `t_robots_parts`.`robots_id` = :0 [1]
[Sun, 16 Nov 14 16:50:43 +0100][INFO] SELECT IF(COUNT(*)>0, 1 , 0) FROM `INFORMATION_SCHEMA`.`TABLES` WHERE `TABLE_NAME`='t_robots'
[Sun, 16 Nov 14 16:50:43 +0100][INFO] DESCRIBE `t_robots`
[Sun, 16 Nov 14 16:50:43 +0100][INFO] SELECT `t_robots`.`id`, `t_robots`.`name`, `t_robots`.`type`, `t_robots`.`year` FROM `t_robots` LIMIT 1
[Sun, 16 Nov 14 16:50:43 +0100][INFO] SELECT IF(COUNT(*)>0, 1 , 0) FROM `INFORMATION_SCHEMA`.`TABLES` WHERE `TABLE_NAME`='t_parts'
[Sun, 16 Nov 14 16:50:43 +0100][INFO] DESCRIBE `t_parts`
[Sun, 16 Nov 14 16:50:43 +0100][INFO] SELECT `t_parts`.`id`, `t_parts`.`name` FROM `t_parts` INNER JOIN `t_robots_parts` ON `t_robots_parts`.`parts_id` = `t_parts`.`id`  WHERE `t_robots_parts`.`robots_id` = :0 [1]
[Sun, 16 Nov 14 16:50:43 +0100][INFO] SELECT `t_parts`.`id`, `t_parts`.`name` FROM `t_parts` INNER JOIN `t_robots_parts` ON `t_robots_parts`.`parts_id` = `t_parts`.`id`  WHERE `t_robots_parts`.`robots_id` = :0 [1]
[Sun, 16 Nov 14 16:50:43 +0100][INFO] SELECT IF(COUNT(*)>0, 1 , 0) FROM `INFORMATION_SCHEMA`.`TABLES` WHERE `TABLE_NAME`='t_robots'
[Sun, 16 Nov 14 16:50:43 +0100][INFO] DESCRIBE `t_robots`
[Sun, 16 Nov 14 16:50:43 +0100][INFO] SELECT `t_robots`.`id`, `t_robots`.`name`, `t_robots`.`type`, `t_robots`.`year` FROM `t_robots` LIMIT 1
[Sun, 16 Nov 14 16:50:43 +0100][INFO] SELECT IF(COUNT(*)>0, 1 , 0) FROM `INFORMATION_SCHEMA`.`TABLES` WHERE `TABLE_NAME`='t_parts'
[Sun, 16 Nov 14 16:50:43 +0100][INFO] DESCRIBE `t_parts`
[Sun, 16 Nov 14 16:50:43 +0100][INFO] SELECT `t_parts`.`id`, `t_parts`.`name` FROM `t_parts` INNER JOIN `t_robots_parts` ON `t_robots_parts`.`parts_id` = `t_parts`.`id`  WHERE `t_robots_parts`.`robots_id` = :0 [1]
[Sun, 16 Nov 14 16:50:43 +0100][INFO] SELECT `t_parts`.`id`, `t_parts`.`name` FROM `t_parts` INNER JOIN `t_robots_parts` ON `t_robots_parts`.`parts_id` = `t_parts`.`id`  WHERE `t_robots_parts`.`robots_id` = :0 [1]
[Sun, 16 Nov 14 16:51:08 +0100][INFO] SELECT IF(COUNT(*)>0, 1 , 0) FROM `INFORMATION_SCHEMA`.`TABLES` WHERE `TABLE_NAME`='t_robots'
[Sun, 16 Nov 14 16:51:08 +0100][INFO] DESCRIBE `t_robots`
[Sun, 16 Nov 14 16:51:08 +0100][INFO] SELECT `t_robots`.`id`, `t_robots`.`name`, `t_robots`.`type`, `t_robots`.`year` FROM `t_robots` LIMIT 1
[Sun, 16 Nov 14 16:51:08 +0100][INFO] SELECT IF(COUNT(*)>0, 1 , 0) FROM `INFORMATION_SCHEMA`.`TABLES` WHERE `TABLE_NAME`='t_parts'
[Sun, 16 Nov 14 16:51:08 +0100][INFO] DESCRIBE `t_parts`
[Sun, 16 Nov 14 16:51:08 +0100][INFO] SELECT `t_parts`.`id`, `t_parts`.`name` FROM `t_parts` INNER JOIN `t_robots_parts` ON `t_robots_parts`.`parts_id` = `t_parts`.`id`  WHERE `t_robots_parts`.`robots_id` = :0 [1]
[Sun, 16 Nov 14 16:51:23 +0100][INFO] SELECT IF(COUNT(*)>0, 1 , 0) FROM `INFORMATION_SCHEMA`.`TABLES` WHERE `TABLE_NAME`='t_robots'
[Sun, 16 Nov 14 16:51:23 +0100][INFO] DESCRIBE `t_robots`
[Sun, 16 Nov 14 16:51:23 +0100][INFO] SELECT `t_robots`.`id`, `t_robots`.`name`, `t_robots`.`type`, `t_robots`.`year` FROM `t_robots` LIMIT 1
[Sun, 16 Nov 14 16:51:23 +0100][INFO] SELECT IF(COUNT(*)>0, 1 , 0) FROM `INFORMATION_SCHEMA`.`TABLES` WHERE `TABLE_NAME`='t_parts'
[Sun, 16 Nov 14 16:51:23 +0100][INFO] DESCRIBE `t_parts`
[Sun, 16 Nov 14 16:51:23 +0100][INFO] SELECT `t_parts`.`id`, `t_parts`.`name` FROM `t_parts` INNER JOIN `t_robots_parts` ON `t_robots_parts`.`parts_id` = `t_parts`.`id`  WHERE `t_robots_parts`.`robots_id` = :0 [1]
